<?xml version="1.0" encoding="UTF-8"?>
<coverage generated="1588028763888" clover="3.2.0">
  <project timestamp="1588028763888" name="All files">
    <metrics statements="12" coveredstatements="11" conditionals="3" coveredconditionals="2" methods="2" coveredmethods="2" elements="17" coveredelements="15" complexity="0" loc="12" ncloc="12" packages="1" files="2" classes="2"/>
    <file name="createToken.js" path="/Users/vitor.ferrazvarela/Desktop/node-fiap/node-fiap/utils/createToken.js">
      <metrics statements="6" coveredstatements="5" conditionals="3" coveredconditionals="2" methods="1" coveredmethods="1"/>
      <line num="1" count="1" type="stmt"/>
      <line num="3" count="1" type="cond" truecount="1" falsecount="0"/>
      <line num="4" count="2" type="cond" truecount="1" falsecount="1"/>
      <line num="5" count="0" type="stmt"/>
      <line num="8" count="2" type="stmt"/>
      <line num="11" count="1" type="stmt"/>
    </file>
    <file name="cryptoPassword.js" path="/Users/vitor.ferrazvarela/Desktop/node-fiap/node-fiap/utils/cryptoPassword.js">
      <metrics statements="6" coveredstatements="6" conditionals="0" coveredconditionals="0" methods="1" coveredmethods="1"/>
      <line num="1" count="1" type="stmt"/>
      <line num="3" count="1" type="stmt"/>
      <line num="4" count="2" type="stmt"/>
      <line num="5" count="2" type="stmt"/>
      <line num="6" count="2" type="stmt"/>
      <line num="9" count="1" type="stmt"/>
    </file>
  </project>
</coverage>
